<?xml version="1.0" encoding="UTF-8"?>
<!-- Generated by org.testng.reporters.JUnitXMLReporter -->
<testsuite hostname="Ashishs-MacBook-Pro.local" name="Default test" tests="5" failures="0" timestamp="12 Jan 2017 15:45:50 GMT" time="56.014" errors="0">
  <testcase name="verifyLogin" time="15.297" classname="com.appdirect.test.tests.SignUpTest"/>
  <testcase name="verfySignUpforValidUsers" time="6.898" classname="com.appdirect.test.tests.SignUpTest"/>
  <testcase name="verfySignUpforValidUsers" time="6.707" classname="com.appdirect.test.tests.SignUpTest"/>
  <testcase name="verfySignUpforValidUsers" time="6.703" classname="com.appdirect.test.tests.SignUpTest"/>
  <testcase name="verfySignUpforValidUsers" time="6.652" classname="com.appdirect.test.tests.SignUpTest"/>
</testsuite> <!-- Default test -->
