<?xml version="1.0" encoding="UTF-8"?>
<testng-results skipped="0" failed="0" total="16" passed="16">
  <reporter-output>
  </reporter-output>
  <suite name="Parameterization Test Suite" duration-ms="75326" started-at="2017-01-12T21:54:05Z" finished-at="2017-01-12T21:55:20Z">
    <groups>
    </groups>
    <test name="Testing Parameterization" duration-ms="75326" started-at="2017-01-12T21:54:05Z" finished-at="2017-01-12T21:55:20Z">
      <class name="com.appdirect.test.tests.SignUpTest">
        <test-method status="PASS" signature="setUp(char)[pri:0, instance:com.appdirect.test.tests.SignUpTest@476374f1]" name="setUp" is-config="true" duration-ms="13523" started-at="2017-01-12T21:54:05Z" finished-at="2017-01-12T21:54:19Z">
          <params>
            <param index="0">
              <value>
                <![CDATA[C]]>
              </value>
            </param>
          </params>
        </test-method> <!-- setUp -->
        <test-method status="PASS" signature="verifyLogin()[pri:0, instance:com.appdirect.test.tests.SignUpTest@476374f1]" name="verifyLogin" duration-ms="11808" started-at="2017-01-12T21:54:19Z" finished-at="2017-01-12T21:54:30Z">
        </test-method> <!-- verifyLogin -->
        <test-method status="PASS" signature="verfySignUpforInvalidUsers(java.lang.String)[pri:0, instance:com.appdirect.test.tests.SignUpTest@476374f1]" name="verfySignUpforInvalidUsers" duration-ms="2512" started-at="2017-01-12T21:54:31Z" data-provider="users" depends-on-methods="com.appdirect.test.tests.SignUpTest.verifyLogin" finished-at="2017-01-12T21:54:33Z">
          <params>
            <param index="0">
              <value>
                <![CDATA[]]>
              </value>
            </param>
          </params>
        </test-method> <!-- verfySignUpforInvalidUsers -->
        <test-method status="PASS" signature="verfySignUpforInvalidUsers(java.lang.String)[pri:0, instance:com.appdirect.test.tests.SignUpTest@476374f1]" name="verfySignUpforInvalidUsers" duration-ms="2568" started-at="2017-01-12T21:54:33Z" data-provider="users" depends-on-methods="com.appdirect.test.tests.SignUpTest.verifyLogin" finished-at="2017-01-12T21:54:36Z">
          <params>
            <param index="0">
              <value>
                <![CDATA[abcd]]>
              </value>
            </param>
          </params>
        </test-method> <!-- verfySignUpforInvalidUsers -->
        <test-method status="PASS" signature="verfySignUpforInvalidUsers(java.lang.String)[pri:0, instance:com.appdirect.test.tests.SignUpTest@476374f1]" name="verfySignUpforInvalidUsers" duration-ms="2741" started-at="2017-01-12T21:54:36Z" data-provider="users" depends-on-methods="com.appdirect.test.tests.SignUpTest.verifyLogin" finished-at="2017-01-12T21:54:39Z">
          <params>
            <param index="0">
              <value>
                <![CDATA[abcd@]]>
              </value>
            </param>
          </params>
        </test-method> <!-- verfySignUpforInvalidUsers -->
        <test-method status="PASS" signature="verfySignUpforInvalidUsers(java.lang.String)[pri:0, instance:com.appdirect.test.tests.SignUpTest@476374f1]" name="verfySignUpforInvalidUsers" duration-ms="2854" started-at="2017-01-12T21:54:39Z" data-provider="users" depends-on-methods="com.appdirect.test.tests.SignUpTest.verifyLogin" finished-at="2017-01-12T21:54:41Z">
          <params>
            <param index="0">
              <value>
                <![CDATA[abcd@xyz]]>
              </value>
            </param>
          </params>
        </test-method> <!-- verfySignUpforInvalidUsers -->
        <test-method status="PASS" signature="verfySignUpforInvalidUsers(java.lang.String)[pri:0, instance:com.appdirect.test.tests.SignUpTest@476374f1]" name="verfySignUpforInvalidUsers" duration-ms="2838" started-at="2017-01-12T21:54:41Z" data-provider="users" depends-on-methods="com.appdirect.test.tests.SignUpTest.verifyLogin" finished-at="2017-01-12T21:54:44Z">
          <params>
            <param index="0">
              <value>
                <![CDATA[abcd.com]]>
              </value>
            </param>
          </params>
        </test-method> <!-- verfySignUpforInvalidUsers -->
        <test-method status="PASS" signature="verfySignUpforInvalidUsers(java.lang.String)[pri:0, instance:com.appdirect.test.tests.SignUpTest@476374f1]" name="verfySignUpforInvalidUsers" duration-ms="3005" started-at="2017-01-12T21:54:44Z" data-provider="users" depends-on-methods="com.appdirect.test.tests.SignUpTest.verifyLogin" finished-at="2017-01-12T21:54:47Z">
          <params>
            <param index="0">
              <value>
                <![CDATA[abcd@gmail.123]]>
              </value>
            </param>
          </params>
        </test-method> <!-- verfySignUpforInvalidUsers -->
        <test-method status="PASS" signature="verfySignUpforInvalidUsers(java.lang.String)[pri:0, instance:com.appdirect.test.tests.SignUpTest@476374f1]" name="verfySignUpforInvalidUsers" duration-ms="2349" started-at="2017-01-12T21:54:47Z" data-provider="users" depends-on-methods="com.appdirect.test.tests.SignUpTest.verifyLogin" finished-at="2017-01-12T21:54:50Z">
          <params>
            <param index="0">
              <value>
                <![CDATA[abcd@^&*.com]]>
              </value>
            </param>
          </params>
        </test-method> <!-- verfySignUpforInvalidUsers -->
        <test-method status="PASS" signature="verfySignUpforValidUsers(java.lang.String)[pri:0, instance:com.appdirect.test.tests.SignUpTest@476374f1]" name="verfySignUpforValidUsers" duration-ms="8207" started-at="2017-01-12T21:54:50Z" data-provider="users" depends-on-methods="com.appdirect.test.tests.SignUpTest.verifyLogin" finished-at="2017-01-12T21:54:58Z">
          <params>
            <param index="0">
              <value>
                <![CDATA[abcd@gmail.com]]>
              </value>
            </param>
          </params>
        </test-method> <!-- verfySignUpforValidUsers -->
        <test-method status="PASS" signature="verfySignUpforValidUsers(java.lang.String)[pri:0, instance:com.appdirect.test.tests.SignUpTest@476374f1]" name="verfySignUpforValidUsers" duration-ms="6584" started-at="2017-01-12T21:54:58Z" data-provider="users" depends-on-methods="com.appdirect.test.tests.SignUpTest.verifyLogin" finished-at="2017-01-12T21:55:04Z">
          <params>
            <param index="0">
              <value>
                <![CDATA[abc$%^@xyz.com]]>
              </value>
            </param>
          </params>
        </test-method> <!-- verfySignUpforValidUsers -->
        <test-method status="PASS" signature="verfySignUpforValidUsers(java.lang.String)[pri:0, instance:com.appdirect.test.tests.SignUpTest@476374f1]" name="verfySignUpforValidUsers" duration-ms="6351" started-at="2017-01-12T21:55:04Z" data-provider="users" depends-on-methods="com.appdirect.test.tests.SignUpTest.verifyLogin" finished-at="2017-01-12T21:55:11Z">
          <params>
            <param index="0">
              <value>
                <![CDATA[abcd@xyz.com]]>
              </value>
            </param>
          </params>
        </test-method> <!-- verfySignUpforValidUsers -->
        <test-method status="PASS" signature="verfySignUpforValidUsers(java.lang.String)[pri:0, instance:com.appdirect.test.tests.SignUpTest@476374f1]" name="verfySignUpforValidUsers" duration-ms="6401" started-at="2017-01-12T21:55:11Z" data-provider="users" depends-on-methods="com.appdirect.test.tests.SignUpTest.verifyLogin" finished-at="2017-01-12T21:55:17Z">
          <params>
            <param index="0">
              <value>
                <![CDATA[abc@g.in]]>
              </value>
            </param>
          </params>
        </test-method> <!-- verfySignUpforValidUsers -->
        <test-method status="PASS" signature="verifyRegisteredUsers(java.lang.String)[pri:0, instance:com.appdirect.test.tests.SignUpTest@476374f1]" name="verifyRegisteredUsers" duration-ms="1780" started-at="2017-01-12T21:55:17Z" data-provider="users" depends-on-methods="com.appdirect.test.tests.SignUpTest.verifyLogin" finished-at="2017-01-12T21:55:19Z">
          <params>
            <param index="0">
              <value>
                <![CDATA[abcd@gmail.com]]>
              </value>
            </param>
          </params>
        </test-method> <!-- verifyRegisteredUsers -->
        <test-method status="PASS" signature="verifyRegisteredUsers(java.lang.String)[pri:0, instance:com.appdirect.test.tests.SignUpTest@476374f1]" name="verifyRegisteredUsers" duration-ms="261" started-at="2017-01-12T21:55:19Z" data-provider="users" depends-on-methods="com.appdirect.test.tests.SignUpTest.verifyLogin" finished-at="2017-01-12T21:55:19Z">
          <params>
            <param index="0">
              <value>
                <![CDATA[abc$%^@xyz.com]]>
              </value>
            </param>
          </params>
        </test-method> <!-- verifyRegisteredUsers -->
        <test-method status="PASS" signature="verifyRegisteredUsers(java.lang.String)[pri:0, instance:com.appdirect.test.tests.SignUpTest@476374f1]" name="verifyRegisteredUsers" duration-ms="238" started-at="2017-01-12T21:55:19Z" data-provider="users" depends-on-methods="com.appdirect.test.tests.SignUpTest.verifyLogin" finished-at="2017-01-12T21:55:19Z">
          <params>
            <param index="0">
              <value>
                <![CDATA[abcd@xyz.com]]>
              </value>
            </param>
          </params>
        </test-method> <!-- verifyRegisteredUsers -->
        <test-method status="PASS" signature="verifyRegisteredUsers(java.lang.String)[pri:0, instance:com.appdirect.test.tests.SignUpTest@476374f1]" name="verifyRegisteredUsers" duration-ms="251" started-at="2017-01-12T21:55:19Z" data-provider="users" depends-on-methods="com.appdirect.test.tests.SignUpTest.verifyLogin" finished-at="2017-01-12T21:55:20Z">
          <params>
            <param index="0">
              <value>
                <![CDATA[abc@g.in]]>
              </value>
            </param>
          </params>
        </test-method> <!-- verifyRegisteredUsers -->
        <test-method status="PASS" signature="tearDown()[pri:0, instance:com.appdirect.test.tests.SignUpTest@476374f1]" name="tearDown" is-config="true" duration-ms="728" started-at="2017-01-12T21:55:20Z" finished-at="2017-01-12T21:55:20Z">
        </test-method> <!-- tearDown -->
      </class> <!-- com.appdirect.test.tests.SignUpTest -->
    </test> <!-- Testing Parameterization -->
  </suite> <!-- Parameterization Test Suite -->
</testng-results>
