<?xml version="1.0" encoding="UTF-8"?>
<!-- Generated by org.testng.reporters.JUnitReportReporter -->
<testsuite hostname="Ashishs-MacBook-Pro.local" name="com.appdirect.test.tests.SignUpTest" tests="16" failures="0" timestamp="12 Jan 2017 16:25:21 GMT" time="60.748" errors="0">
  <testcase name="verfySignUpforInvalidUsers" time="2.349" classname="com.appdirect.test.tests.SignUpTest"/>
  <testcase name="verfySignUpforValidUsers" time="6.351" classname="com.appdirect.test.tests.SignUpTest"/>
  <testcase name="verifyRegisteredUsers" time="0.261" classname="com.appdirect.test.tests.SignUpTest"/>
  <testcase name="verfySignUpforInvalidUsers" time="2.741" classname="com.appdirect.test.tests.SignUpTest"/>
  <testcase name="verfySignUpforInvalidUsers" time="2.838" classname="com.appdirect.test.tests.SignUpTest"/>
  <testcase name="verfySignUpforValidUsers" time="8.207" classname="com.appdirect.test.tests.SignUpTest"/>
  <testcase name="verifyLogin" time="11.808" classname="com.appdirect.test.tests.SignUpTest"/>
  <testcase name="verifyRegisteredUsers" time="0.238" classname="com.appdirect.test.tests.SignUpTest"/>
  <testcase name="verifyRegisteredUsers" time="0.251" classname="com.appdirect.test.tests.SignUpTest"/>
  <testcase name="verfySignUpforInvalidUsers" time="3.005" classname="com.appdirect.test.tests.SignUpTest"/>
  <testcase name="verfySignUpforInvalidUsers" time="2.854" classname="com.appdirect.test.tests.SignUpTest"/>
  <testcase name="verfySignUpforValidUsers" time="6.584" classname="com.appdirect.test.tests.SignUpTest"/>
  <testcase name="verfySignUpforValidUsers" time="6.401" classname="com.appdirect.test.tests.SignUpTest"/>
  <testcase name="verifyRegisteredUsers" time="1.780" classname="com.appdirect.test.tests.SignUpTest"/>
  <testcase name="verfySignUpforInvalidUsers" time="2.512" classname="com.appdirect.test.tests.SignUpTest"/>
  <testcase name="verfySignUpforInvalidUsers" time="2.568" classname="com.appdirect.test.tests.SignUpTest"/>
</testsuite> <!-- com.appdirect.test.tests.SignUpTest -->
